#
# A fatal error has been detected by the Java Runtime Environment:
#
#  SIGSEGV (0xb) at pc=0xb4948f34, pid=2816, tid=1802500976
#
# JRE version: 7.0_03-b04
# Java VM: Java HotSpot(TM) Server VM (22.1-b02 mixed mode linux-x86 )
# Problematic frame:
# J  com.google.gwt.dev.js.JsInliner$InliningVisitor.process(Lcom/google/gwt/dev/js/ast/JsInvocation;Lcom/google/gwt/dev/js/ast/JsFunction;Lcom/google/gwt/dev/js/ast/JsFunction;)Lcom/google/gwt/dev/js/ast/JsExpression;
#
# Failed to write core dump. Core dumps have been disabled. To enable core dumping, try "ulimit -c unlimited" before starting Java again
#
# If you would like to submit a bug report, please visit:
#   http://bugreport.sun.com/bugreport/crash.jsp
#

---------------  T H R E A D  ---------------

Current thread (0x6ec70c00):  JavaThread "In-process PermutationWorker 0" [_thread_in_Java, id=2984, stack(0x6af00000,0x6b700000)]

siginfo:si_signo=SIGSEGV: si_errno=0, si_code=128 (), si_addr=0x00000000

Registers:
EAX=0x00000000, EBX=0x74365158, ECX=0x747f64c0, EDX=0x00000000
ESP=0x6b6fe8d0, EBP=0x973113e8, ESI=0xac601d2c, EDI=0x00000000
EIP=0xb4948f34, EFLAGS=0x00010216, CR2=0x00000004

Top of Stack: (sp=0x6b6fe8d0)
0x6b6fe8d0:   6b6fe8dc 6b6fe910 b3fe557b ac6004e8
0x6b6fe8e0:   ac5febe8 6ec70c00 952a74c8 00000001
0x6b6fe8f0:   00000001 aaddf848 b3670360 ac601d30
0x6b6fe900:   00000000 ac601d58 973113e8 747f64c0
0x6b6fe910:   7529b460 752aef54 7529aad0 00000000
0x6b6fe920:   6b6fe940 6b6fe964 b3fe549a 00000000
0x6b6fe930:   ac601d20 00000001 00000001 00000000
0x6b6fe940:   b3670360 6b6fe944 6b6fe990 b3fe549a 

Instructions: (pc=0xb4948f34)
0xb4948f14:   1f 00 00 85 ed 0f 85 1a 20 00 00 8b 6c 24 38 89
0xb4948f24:   6c 24 38 8b 4d 04 89 4c 24 3c 81 f9 78 20 7f 74
0xb4948f34:   0f 85 b9 13 00 00 8b dd 8b 6b 0c 85 ed 0f 84 7e
0xb4948f44:   ff ff ff 89 6c 24 48 89 54 24 40 8b 4c 24 14 8b 

Register to memory mapping:

EAX=0x00000000 is an unknown value
EBX=0x74365158 is an oop
{instance class} 
 - klass: {other class}
ECX=0x747f64c0 is an oop
{instance class} 
 - klass: {other class}
EDX=0x00000000 is an unknown value
ESP=0x6b6fe8d0 is pointing into the stack for thread: 0x6ec70c00
EBP=0x973113e8 is an oop
com.google.gwt.dev.js.ast.JsReturn 
 - klass: 'com/google/gwt/dev/js/ast/JsReturn'
ESI=0xac601d2c is an unknown value
EDI=0x00000000 is an unknown value


Stack: [0x6af00000,0x6b700000],  sp=0x6b6fe8d0,  free space=8186k
Native frames: (J=compiled Java code, j=interpreted, Vv=VM code, C=native code)
J  com.google.gwt.dev.js.JsInliner$InliningVisitor.process(Lcom/google/gwt/dev/js/ast/JsInvocation;Lcom/google/gwt/dev/js/ast/JsFunction;Lcom/google/gwt/dev/js/ast/JsFunction;)Lcom/google/gwt/dev/js/ast/JsExpression;


---------------  P R O C E S S  ---------------

Java Threads: ( => current thread )
=>0x6ec70c00 JavaThread "In-process PermutationWorker 0" [_thread_in_Java, id=2984, stack(0x6af00000,0x6b700000)]
  0x6d5cbc00 JavaThread "Java2D Disposer" daemon [_thread_blocked, id=2983, stack(0x6fe00000,0x70600000)]
  0x70686000 JavaThread "com.google.gwt.thirdparty.guava.common.base.internal.Finalizer" daemon [_thread_blocked, id=2836, stack(0x6ee00000,0x6f600000)]
  0x085e5c00 JavaThread "Timer-0" daemon [_thread_blocked, id=2835, stack(0x6f600000,0x6fe00000)]
  0x72de0400 JavaThread "Thread-1" [_thread_blocked, id=2833, stack(0x7082a000,0x7102a000)]
  0x72d45c00 JavaThread "Service Thread" daemon [_thread_blocked, id=2831, stack(0x71362000,0x71b62000)]
  0x72d43c00 JavaThread "C2 CompilerThread1" daemon [_thread_in_native, id=2830, stack(0x71b62000,0x71be2000)]
  0x72d41c00 JavaThread "C2 CompilerThread0" daemon [_thread_in_native, id=2829, stack(0x72e2b000,0x72eab000)]
  0x72d40000 JavaThread "Signal Dispatcher" daemon [_thread_blocked, id=2828, stack(0x71be2000,0x723e2000)]
  0x72d00800 JavaThread "Finalizer" daemon [_thread_blocked, id=2827, stack(0x72500000,0x72d00000)]
  0x084fa400 JavaThread "Reference Handler" daemon [_thread_blocked, id=2826, stack(0x72eea000,0x736ea000)]
  0x0842c400 JavaThread "main" [_thread_blocked, id=2819, stack(0xb6fea000,0xb77ea000)]

Other Threads:
  0x084f4c00 VMThread [stack: 0x736ea000,0x7376a000] [id=2825]
  0x72d47800 WatcherThread [stack: 0x712e2000,0x71362000] [id=2832]

VM state:not at safepoint (normal execution)

VM Mutex/Monitor currently owned by a thread: None

Heap
 PSYoungGen      total 145600K, used 72574K [0xa9480000, 0xb3f20000, 0xb3f20000)
  eden space 124928K, 42% used [0xa9480000,0xac7d56a8,0xb0e80000)
  from space 20672K, 96% used [0xb2970000,0xb3cfa280,0xb3da0000)
  to   space 24896K, 0% used [0xb0e80000,0xb0e80000,0xb26d0000)
 PSOldGen        total 140736K, used 71347K [0x93f20000, 0x9c890000, 0xa9480000)
  object space 140736K, 50% used [0x93f20000,0x984ccc68,0x9c890000)
 PSPermGen       total 28928K, used 20035K [0x73f20000, 0x75b60000, 0x93f20000)
  object space 28928K, 69% used [0x73f20000,0x752b0d38,0x75b60000)

Code Cache  [0xb3fe2000, 0xb495a000, 0xb6fe2000)
 total_blobs=3367 nmethods=3169 adapters=146 free_code_cache=39539Kb largest_free_block=40429248

Dynamic libraries:
00110000-00252000 r-xp 00000000 08:15 3932203    /lib/libc-2.11.1.so
00252000-00253000 ---p 00142000 08:15 3932203    /lib/libc-2.11.1.so
00253000-00255000 r--p 00142000 08:15 3932203    /lib/libc-2.11.1.so
00255000-00256000 rw-p 00144000 08:15 3932203    /lib/libc-2.11.1.so
00256000-00259000 rw-p 00000000 00:00 0 
00259000-00260000 r-xp 00000000 08:15 3932310    /lib/librt-2.11.1.so
00260000-00261000 r--p 00006000 08:15 3932310    /lib/librt-2.11.1.so
00261000-00262000 rw-p 00007000 08:15 3932310    /lib/librt-2.11.1.so
00262000-0026e000 r-xp 00000000 08:15 393394     /home/daviddamerell/Documents/Software/jdk1.7.0_03/jre/lib/i386/libverify.so
0026e000-0026f000 rw-p 0000c000 08:15 393394     /home/daviddamerell/Documents/Software/jdk1.7.0_03/jre/lib/i386/libverify.so
0026f000-00286000 r-xp 00000000 08:15 393412     /home/daviddamerell/Documents/Software/jdk1.7.0_03/jre/lib/i386/libzip.so
00286000-00287000 rw-p 00017000 08:15 393412     /home/daviddamerell/Documents/Software/jdk1.7.0_03/jre/lib/i386/libzip.so
00287000-0030d000 r-xp 00000000 08:15 393388     /home/daviddamerell/Documents/Software/jdk1.7.0_03/jre/lib/i386/libawt.so
0030d000-00314000 rw-p 00086000 08:15 393388     /home/daviddamerell/Documents/Software/jdk1.7.0_03/jre/lib/i386/libawt.so
00314000-00338000 rw-p 00000000 00:00 0 
0044e000-00462000 r-xp 00000000 08:15 3932304    /lib/libpthread-2.11.1.so
00462000-00463000 r--p 00014000 08:15 3932304    /lib/libpthread-2.11.1.so
00463000-00464000 rw-p 00015000 08:15 3932304    /lib/libpthread-2.11.1.so
00464000-00466000 rw-p 00000000 00:00 0 
00563000-00568000 r-xp 00000000 08:15 393384     /home/daviddamerell/Documents/Software/jdk1.7.0_03/jre/lib/i386/headless/libmawt.so
00568000-00569000 rw-p 00005000 08:15 393384     /home/daviddamerell/Documents/Software/jdk1.7.0_03/jre/lib/i386/headless/libmawt.so
005b5000-005d8000 r-xp 00000000 08:15 393403     /home/daviddamerell/Documents/Software/jdk1.7.0_03/jre/lib/i386/libjava.so
005d8000-005d9000 rw-p 00023000 08:15 393403     /home/daviddamerell/Documents/Software/jdk1.7.0_03/jre/lib/i386/libjava.so
0067c000-00682000 r-xp 00000000 08:15 3932264    /lib/libnss_compat-2.11.1.so
00682000-00683000 r--p 00006000 08:15 3932264    /lib/libnss_compat-2.11.1.so
00683000-00684000 rw-p 00007000 08:15 3932264    /lib/libnss_compat-2.11.1.so
0068a000-006a5000 r-xp 00000000 08:15 3932181    /lib/ld-2.11.1.so
006a5000-006a6000 r--p 0001a000 08:15 3932181    /lib/ld-2.11.1.so
006a6000-006a7000 rw-p 0001b000 08:15 3932181    /lib/ld-2.11.1.so
006ed000-006ee000 r-xp 00000000 00:00 0          [vdso]
00809000-00817000 r-xp 00000000 08:15 393422     /home/daviddamerell/Documents/Software/jdk1.7.0_03/jre/lib/i386/libnio.so
00817000-00818000 rw-p 0000e000 08:15 393422     /home/daviddamerell/Documents/Software/jdk1.7.0_03/jre/lib/i386/libnio.so
00820000-00834000 r-xp 00000000 08:15 393416     /home/daviddamerell/Documents/Software/jdk1.7.0_03/jre/lib/i386/libnet.so
00834000-00835000 rw-p 00014000 08:15 393416     /home/daviddamerell/Documents/Software/jdk1.7.0_03/jre/lib/i386/libnet.so
008e7000-008ef000 r-xp 00000000 08:15 3932272    /lib/libnss_nis-2.11.1.so
008ef000-008f0000 r--p 00007000 08:15 3932272    /lib/libnss_nis-2.11.1.so
008f0000-008f1000 rw-p 00008000 08:15 3932272    /lib/libnss_nis-2.11.1.so
009d4000-009de000 r-xp 00000000 08:15 3932268    /lib/libnss_files-2.11.1.so
009de000-009df000 r--p 00009000 08:15 3932268    /lib/libnss_files-2.11.1.so
009df000-009e0000 rw-p 0000a000 08:15 3932268    /lib/libnss_files-2.11.1.so
00aa0000-00ac4000 r-xp 00000000 08:15 3932251    /lib/libm-2.11.1.so
00ac4000-00ac5000 r--p 00023000 08:15 3932251    /lib/libm-2.11.1.so
00ac5000-00ac6000 rw-p 00024000 08:15 3932251    /lib/libm-2.11.1.so
00c1a000-00c21000 r-xp 00000000 08:15 393372     /home/daviddamerell/Documents/Software/jdk1.7.0_03/jre/lib/i386/libmanagement.so
00c21000-00c22000 rw-p 00006000 08:15 393372     /home/daviddamerell/Documents/Software/jdk1.7.0_03/jre/lib/i386/libmanagement.so
00cbf000-00cd2000 r-xp 00000000 08:15 393393     /home/daviddamerell/Documents/Software/jdk1.7.0_03/jre/lib/i386/jli/libjli.so
00cd2000-00cd3000 rw-p 00012000 08:15 393393     /home/daviddamerell/Documents/Software/jdk1.7.0_03/jre/lib/i386/jli/libjli.so
00d40000-00d53000 r-xp 00000000 08:15 3932262    /lib/libnsl-2.11.1.so
00d53000-00d54000 r--p 00012000 08:15 3932262    /lib/libnsl-2.11.1.so
00d54000-00d55000 rw-p 00013000 08:15 3932262    /lib/libnsl-2.11.1.so
00d55000-00d57000 rw-p 00000000 00:00 0 
00d9b000-00d9d000 r-xp 00000000 08:15 3932217    /lib/libdl-2.11.1.so
00d9d000-00d9e000 r--p 00001000 08:15 3932217    /lib/libdl-2.11.1.so
00d9e000-00d9f000 rw-p 00002000 08:15 3932217    /lib/libdl-2.11.1.so
00d9f000-0150d000 r-xp 00000000 08:15 393379     /home/daviddamerell/Documents/Software/jdk1.7.0_03/jre/lib/i386/server/libjvm.so
0150d000-0155c000 rw-p 0076d000 08:15 393379     /home/daviddamerell/Documents/Software/jdk1.7.0_03/jre/lib/i386/server/libjvm.so
0155c000-0197b000 rw-p 00000000 00:00 0 
08048000-08049000 r-xp 00000000 08:15 267258     /home/daviddamerell/Documents/Software/jdk1.7.0_03/bin/java
08049000-0804a000 rw-p 00000000 08:15 267258     /home/daviddamerell/Documents/Software/jdk1.7.0_03/bin/java
08425000-0ac5b000 rw-p 00000000 00:00 0          [heap]
6ad00000-6adfd000 rw-p 00000000 00:00 0 
6adfd000-6ae00000 ---p 00000000 00:00 0 
6af00000-6af03000 ---p 00000000 00:00 0 
6af03000-6b700000 rw-p 00000000 00:00 0 
6b700000-6b7f9000 rw-p 00000000 00:00 0 
6b7f9000-6b800000 ---p 00000000 00:00 0 
6b900000-6b9f9000 rw-p 00000000 00:00 0 
6b9f9000-6ba00000 ---p 00000000 00:00 0 
6ba00000-6baf3000 rw-p 00000000 00:00 0 
6baf3000-6bb00000 ---p 00000000 00:00 0 
6bb00000-6bbfd000 rw-p 00000000 00:00 0 
6bbfd000-6bc00000 ---p 00000000 00:00 0 
6bc00000-6bcfc000 rw-p 00000000 00:00 0 
6bcfc000-6bd00000 ---p 00000000 00:00 0 
6bd00000-6bf00000 rw-p 00000000 00:00 0 
6bf00000-6bfff000 rw-p 00000000 00:00 0 
6bfff000-6c000000 ---p 00000000 00:00 0 
6c000000-6c0fc000 rw-p 00000000 00:00 0 
6c0fc000-6c100000 ---p 00000000 00:00 0 
6c100000-6c200000 rw-p 00000000 00:00 0 
6c200000-6c2f8000 rw-p 00000000 00:00 0 
6c2f8000-6c300000 ---p 00000000 00:00 0 
6c400000-6c4e3000 rw-p 00000000 00:00 0 
6c4e3000-6c500000 ---p 00000000 00:00 0 
6c600000-6c6f8000 rw-p 00000000 00:00 0 
6c6f8000-6c700000 ---p 00000000 00:00 0 
6c700000-6c7fe000 rw-p 00000000 00:00 0 
6c7fe000-6c800000 ---p 00000000 00:00 0 
6c800000-6ca00000 rw-p 00000000 00:00 0 
6ca00000-6cc00000 rw-p 00000000 00:00 0 
6cc00000-6ce00000 rw-p 00000000 00:00 0 
6ce00000-6d000000 rw-p 00000000 00:00 0 
6d000000-6d0fd000 rw-p 00000000 00:00 0 
6d0fd000-6d100000 ---p 00000000 00:00 0 
6d100000-6d200000 rw-p 00000000 00:00 0 
6d200000-6d300000 rw-p 00000000 00:00 0 
6d400000-6d4fc000 rw-p 00000000 00:00 0 
6d4fc000-6d500000 ---p 00000000 00:00 0 
6d500000-6d5fe000 rw-p 00000000 00:00 0 
6d5fe000-6d600000 ---p 00000000 00:00 0 
6d600000-6d6f9000 rw-p 00000000 00:00 0 
6d6f9000-6d700000 ---p 00000000 00:00 0 
6d700000-6d800000 rw-p 00000000 00:00 0 
6d800000-6d8fd000 rw-p 00000000 00:00 0 
6d8fd000-6d900000 ---p 00000000 00:00 0 
6da00000-6daf4000 rw-p 00000000 00:00 0 
6daf4000-6db00000 ---p 00000000 00:00 0 
6db00000-6dbfa000 rw-p 00000000 00:00 0 
6dbfa000-6dc00000 ---p 00000000 00:00 0 
6dc00000-6dcf8000 rw-p 00000000 00:00 0 
6dcf8000-6dd00000 ---p 00000000 00:00 0 
6dd00000-6de00000 rw-p 00000000 00:00 0 
6de00000-6dfdb000 rw-p 00000000 00:00 0 
6dfdb000-6e000000 ---p 00000000 00:00 0 
6e000000-6e200000 rw-p 00000000 00:00 0 
6e200000-6e2fc000 rw-p 00000000 00:00 0 
6e2fc000-6e300000 ---p 00000000 00:00 0 
6e300000-6e3c8000 rw-p 00000000 00:00 0 
6e3c8000-6e400000 ---p 00000000 00:00 0 
6e400000-6e4fd000 rw-p 00000000 00:00 0 
6e4fd000-6e500000 ---p 00000000 00:00 0 
6e500000-6e5ca000 rw-p 00000000 00:00 0 
6e5ca000-6e600000 ---p 00000000 00:00 0 
6e600000-6e6fb000 rw-p 00000000 00:00 0 
6e6fb000-6e700000 ---p 00000000 00:00 0 
6e700000-6e7f1000 rw-p 00000000 00:00 0 
6e7f1000-6e800000 ---p 00000000 00:00 0 
6e800000-6e900000 rw-p 00000000 00:00 0 
6e900000-6ea00000 rw-p 00000000 00:00 0 
6ea00000-6eafb000 rw-p 00000000 00:00 0 
6eafb000-6eb00000 ---p 00000000 00:00 0 
6eb00000-6ebbc000 rw-p 00000000 00:00 0 
6ebbc000-6ec00000 ---p 00000000 00:00 0 
6ec00000-6ecf9000 rw-p 00000000 00:00 0 
6ecf9000-6ed00000 ---p 00000000 00:00 0 
6ed00000-6edfd000 rw-p 00000000 00:00 0 
6edfd000-6ee00000 ---p 00000000 00:00 0 
6ee00000-6ee03000 ---p 00000000 00:00 0 
6ee03000-6f600000 rw-p 00000000 00:00 0 
6f600000-6f603000 ---p 00000000 00:00 0 
6f603000-6fe00000 rw-p 00000000 00:00 0 
6fe00000-6fe03000 ---p 00000000 00:00 0 
6fe03000-70600000 rw-p 00000000 00:00 0 
70600000-70700000 rw-p 00000000 00:00 0 
707e2000-707e6000 r--s 00088000 08:15 267347     /home/daviddamerell/Documents/Software/jdk1.7.0_03/jre/lib/jsse.jar
707e6000-707e7000 r--s 00010000 08:15 393361     /home/daviddamerell/Documents/Software/jdk1.7.0_03/jre/lib/ext/zipfs.jar
707e7000-707e8000 r--s 00003000 08:15 393367     /home/daviddamerell/Documents/Software/jdk1.7.0_03/jre/lib/ext/sunec.jar
707e8000-707ea000 r--s 00001000 08:15 393364     /home/daviddamerell/Documents/Software/jdk1.7.0_03/jre/lib/ext/dnsns.jar
707ea000-707ee000 r--s 0002d000 08:15 393363     /home/daviddamerell/Documents/Software/jdk1.7.0_03/jre/lib/ext/sunjce_provider.jar
707ee000-707f2000 r--s 00037000 08:15 393365     /home/daviddamerell/Documents/Software/jdk1.7.0_03/jre/lib/ext/sunpkcs11.jar
707f2000-7082a000 r--s 0047d000 08:15 1707804    /home/daviddamerell/Documents/Source.GIT/UCDB/application/GlycanBuilder/VaadinGlycanBuilder/WebContent/WEB-INF/lib/vaadin-6.7.5.jar
7082a000-7082d000 ---p 00000000 00:00 0 
7082d000-7102a000 rw-p 00000000 00:00 0 
7102a000-71064000 r--s 004ab000 08:15 1707803    /home/daviddamerell/Documents/Source.GIT/UCDB/application/GlycanBuilder/VaadinGlycanBuilder/WebContent/WEB-INF/lib/vaadin-6.7.4.jar
71064000-71135000 r--s 00a99000 08:15 788071     /home/daviddamerell/Documents/Software/eclipse/configuration/com.vaadin.integration.eclipse/download/gwt-user/2.3.0/gwt-user.jar
71135000-71172000 rw-p 00000000 00:00 0 
71172000-712e2000 r--s 01951000 08:15 788074     /home/daviddamerell/Documents/Software/eclipse/configuration/com.vaadin.integration.eclipse/download/gwt-dev/2.3.0/gwt-dev.jar
712e2000-712e3000 ---p 00000000 00:00 0 
712e3000-71362000 rw-p 00000000 00:00 0 
71362000-71365000 ---p 00000000 00:00 0 
71365000-71b62000 rw-p 00000000 00:00 0 
71b62000-71b65000 ---p 00000000 00:00 0 
71b65000-71be2000 rw-p 00000000 00:00 0 
71be2000-71be5000 ---p 00000000 00:00 0 
71be5000-723e2000 rw-p 00000000 00:00 0 
723e2000-72500000 r--p 00000000 08:15 5112775    /usr/lib/locale/en_US.utf8/LC_COLLATE
72500000-72503000 ---p 00000000 00:00 0 
72503000-72d00000 rw-p 00000000 00:00 0 
72d00000-72dfc000 rw-p 00000000 00:00 0 
72dfc000-72e00000 ---p 00000000 00:00 0 
72e14000-72e1d000 r--s 00254000 08:15 267339     /home/daviddamerell/Documents/Software/jdk1.7.0_03/jre/lib/resources.jar
72e1d000-72e20000 r--s 000f7000 08:15 393366     /home/daviddamerell/Documents/Software/jdk1.7.0_03/jre/lib/ext/localedata.jar
72e20000-72e23000 r--s 00009000 08:15 788077     /home/daviddamerell/Documents/Software/eclipse/configuration/com.vaadin.integration.eclipse/download/gwt-dependencies/2.3.0/validation-api-1.0.0.GA.jar
72e23000-72e25000 r--s 0000e000 08:15 788078     /home/daviddamerell/Documents/Software/eclipse/configuration/com.vaadin.integration.eclipse/download/gwt-dependencies/2.3.0/validation-api-1.0.0.GA-sources.jar
72e25000-72e26000 r--s 00002000 08:15 1707798    /home/daviddamerell/Documents/Source.GIT/UCDB/application/GlycanBuilder/VaadinGlycanBuilder/WebContent/WEB-INF/lib/refresher-1.1.0.jar
72e26000-72e27000 r--s 00006000 08:15 1707797    /home/daviddamerell/Documents/Source.GIT/UCDB/application/GlycanBuilder/VaadinGlycanBuilder/WebContent/WEB-INF/lib/popupbutton-1.1.0.jar
72e27000-72e2a000 r--s 0001c000 08:15 1707763    /home/daviddamerell/Documents/Source.GIT/UCDB/application/GlycanBuilder/VaadinGlycanBuilder/WebContent/WEB-INF/lib/enhancedcanvas.jar
72e2a000-72e2b000 r--s 00006000 08:15 1707800    /home/daviddamerell/Documents/Source.GIT/UCDB/application/GlycanBuilder/VaadinGlycanBuilder/WebContent/WEB-INF/lib/weelayout-0.1.jar
72e2b000-72e2e000 ---p 00000000 00:00 0 
72e2e000-72eab000 rw-p 00000000 00:00 0 
72eab000-72eea000 r--p 00000000 08:15 5112776    /usr/lib/locale/en_US.utf8/LC_CTYPE
72eea000-72eed000 ---p 00000000 00:00 0 
72eed000-736ea000 rw-p 00000000 00:00 0 
736ea000-736eb000 ---p 00000000 00:00 0 
736eb000-737b5000 rw-p 00000000 00:00 0 
737b5000-73974000 r--s 03a09000 08:15 267338     /home/daviddamerell/Documents/Software/jdk1.7.0_03/jre/lib/rt.jar
73974000-73975000 ---p 00000000 00:00 0 
73975000-739f4000 rw-p 00000000 00:00 0 
739f4000-739f5000 ---p 00000000 00:00 0 
739f5000-73a74000 rw-p 00000000 00:00 0 
73a74000-73a75000 ---p 00000000 00:00 0 
73a75000-73af4000 rw-p 00000000 00:00 0 
73af4000-73af5000 ---p 00000000 00:00 0 
73af5000-73b83000 rw-p 00000000 00:00 0 
73b83000-73c74000 rw-p 00000000 00:00 0 
73c74000-73cb9000 rw-p 00000000 00:00 0 
73cb9000-73cbd000 ---p 00000000 00:00 0 
73cbd000-73d1f000 rw-p 00000000 00:00 0 
73d1f000-73d2e000 rw-p 00000000 00:00 0 
73d2e000-73e1f000 rw-p 00000000 00:00 0 
73e1f000-73e64000 rw-p 00000000 00:00 0 
73e64000-73e68000 ---p 00000000 00:00 0 
73e68000-73ec9000 rw-p 00000000 00:00 0 
73ec9000-73f1f000 rw-p 00000000 00:00 0 
73f1f000-75b60000 rw-p 00000000 00:00 0 
75b60000-93f20000 rw-p 00000000 00:00 0 
93f20000-9c890000 rw-p 00000000 00:00 0 
9c890000-9cf80000 ---p 00000000 00:00 0 
9cf80000-a9480000 rw-p 00000000 00:00 0 
a9480000-b3f20000 rw-p 00000000 00:00 0 
b3f20000-b3f21000 r--p 00000000 08:15 5112781    /usr/lib/locale/en_US.utf8/LC_NUMERIC
b3f21000-b3f22000 r--p 00000000 08:15 5112784    /usr/lib/locale/en_US.utf8/LC_TIME
b3f22000-b3f48000 rw-p 00000000 00:00 0 
b3f48000-b3fe2000 rw-p 00000000 00:00 0 
b3fe2000-b495a000 rwxp 00000000 00:00 0 
b495a000-b6fe2000 rw-p 00000000 00:00 0 
b6fe2000-b6fea000 rw-s 00000000 08:15 4587662    /tmp/hsperfdata_daviddamerell/2816
b6fea000-b6fed000 ---p 00000000 00:00 0 
b6fed000-b77ec000 rw-p 00000000 00:00 0 
b77ec000-b77ed000 r--p 00000000 08:15 5112779    /usr/lib/locale/en_US.utf8/LC_MONETARY
b77ed000-b77ee000 r--p 00000000 08:15 5112785    /usr/lib/locale/en_US.utf8/LC_MESSAGES/SYS_LC_MESSAGES
b77ee000-b77ef000 r--p 00000000 08:15 5112782    /usr/lib/locale/en_US.utf8/LC_PAPER
b77ef000-b77f0000 r--p 00000000 08:15 5112780    /usr/lib/locale/en_US.utf8/LC_NAME
b77f0000-b77f1000 r--p 00000000 08:15 5112774    /usr/lib/locale/en_US.utf8/LC_ADDRESS
b77f1000-b77f2000 r--p 00000000 08:15 5112783    /usr/lib/locale/en_US.utf8/LC_TELEPHONE
b77f2000-b77f3000 r--p 00000000 08:15 5112778    /usr/lib/locale/en_US.utf8/LC_MEASUREMENT
b77f3000-b77fa000 r--s 00000000 08:15 4984362    /usr/lib/gconv/gconv-modules.cache
b77fa000-b77fb000 r--p 00000000 08:15 5112777    /usr/lib/locale/en_US.utf8/LC_IDENTIFICATION
b77fb000-b77fc000 rw-p 00000000 00:00 0 
b77fc000-b77fd000 r--p 00000000 00:00 0 
b77fd000-b77ff000 rw-p 00000000 00:00 0 
bfca9000-bfccb000 rw-p 00000000 00:00 0          [stack]

VM Arguments:
jvm_args: -Djava.awt.headless=true -Xss8M -Xmx512M -XX:MaxPermSize=512M 
java_command: com.vaadin.tools.WidgetsetCompiler -out WebContent/VAADIN/widgetsets -localWorkers 1 -logLevel INFO ac.uk.icl.dell.vaadin.glycanbuilder.widgetset.GlycanbuilderWidgetset
Launcher Type: SUN_STANDARD

Environment Variables:
JAVA_HOME=/home/daviddamerell/Documents/Software/jdk1.7.0_03
PATH=/home/daviddamerell/Documents/Software/jdk1.7.0_03/bin:/usr/local/sbin:/usr/local/bin:/usr/sbin:/usr/bin:/sbin:/bin:/usr/games
LD_LIBRARY_PATH=/home/daviddamerell/Documents/Software/jdk1.7.0_03/jre/lib/i386/server:/home/daviddamerell/Documents/Software/jdk1.7.0_03/jre/lib/i386:/home/daviddamerell/Documents/Software/jdk1.7.0_03/jre/../lib/i386:/home/daviddamerell/Documents/Software/jdk1.7.0_03/jre/lib/i386/client:/home/daviddamerell/Documents/Software/jdk1.7.0_03/jre/lib/i386:
SHELL=/bin/bash
DISPLAY=:0.0

Signal Handlers:
SIGSEGV: [libjvm.so+0x6e2860], sa_mask[0]=0x7ffbfeff, sa_flags=0x10000004
SIGBUS: [libjvm.so+0x6e2860], sa_mask[0]=0x7ffbfeff, sa_flags=0x10000004
SIGFPE: [libjvm.so+0x5a3810], sa_mask[0]=0x7ffbfeff, sa_flags=0x10000004
SIGPIPE: [libjvm.so+0x5a3810], sa_mask[0]=0x7ffbfeff, sa_flags=0x10000004
SIGXFSZ: [libjvm.so+0x5a3810], sa_mask[0]=0x7ffbfeff, sa_flags=0x10000004
SIGILL: [libjvm.so+0x5a3810], sa_mask[0]=0x7ffbfeff, sa_flags=0x10000004
SIGUSR1: SIG_DFL, sa_mask[0]=0x00000000, sa_flags=0x00000000
SIGUSR2: [libjvm.so+0x5a3110], sa_mask[0]=0x00000004, sa_flags=0x10000004
SIGHUP: [libjvm.so+0x5a56e0], sa_mask[0]=0x7ffbfeff, sa_flags=0x10000004
SIGINT: [libjvm.so+0x5a56e0], sa_mask[0]=0x7ffbfeff, sa_flags=0x10000004
SIGTERM: [libjvm.so+0x5a56e0], sa_mask[0]=0x7ffbfeff, sa_flags=0x10000004
SIGQUIT: [libjvm.so+0x5a56e0], sa_mask[0]=0x7ffbfeff, sa_flags=0x10000004


---------------  S Y S T E M  ---------------

OS:squeeze/sid

uname:Linux 3.2.0-19-generic #30 SMP Tue Mar 20 09:35:59 CDT 2012 i686
libc:glibc 2.11.1 NPTL 2.11.1 
rlimit: STACK 8192k, CORE 0k, NPROC infinity, NOFILE 1024, AS infinity
load average:1.05 0.58 0.42

/proc/meminfo:
MemTotal:        3096148 kB
MemFree:          385840 kB
Buffers:           23172 kB
Cached:           668860 kB
SwapCached:         9720 kB
Active:          1732616 kB
Inactive:         880696 kB
Active(anon):    1476472 kB
Inactive(anon):   467268 kB
Active(file):     256144 kB
Inactive(file):   413428 kB
Unevictable:          16 kB
Mlocked:              16 kB
HighTotal:       2234708 kB
HighFree:          28004 kB
LowTotal:         861440 kB
LowFree:          357836 kB
SwapTotal:       3142652 kB
SwapFree:        3054668 kB
Dirty:              9792 kB
Writeback:             0 kB
AnonPages:       1912700 kB
Mapped:           118632 kB
Shmem:             22460 kB
Slab:              46608 kB
SReclaimable:      27108 kB
SUnreclaim:        19500 kB
KernelStack:        3408 kB
PageTables:         9352 kB
NFS_Unstable:          0 kB
Bounce:                0 kB
WritebackTmp:          0 kB
CommitLimit:     4690724 kB
Committed_AS:    3811256 kB
VmallocTotal:     122880 kB
VmallocUsed:       52500 kB
VmallocChunk:      54268 kB
HardwareCorrupted:     0 kB
AnonHugePages:         0 kB
HugePages_Total:       0
HugePages_Free:        0
HugePages_Rsvd:        0
HugePages_Surp:        0
Hugepagesize:       4096 kB
DirectMap4k:       73720 kB
DirectMap4M:      835584 kB


CPU:total 4 (4 cores per cpu, 1 threads per core) family 6 model 15 stepping 7, cmov, cx8, fxsr, mmx, sse, sse2, sse3, ssse3

/proc/cpuinfo:
processor	: 0
vendor_id	: GenuineIntel
cpu family	: 6
model		: 15
model name	: Intel(R) Core(TM)2 Quad CPU           @ 2.40GHz
stepping	: 7
microcode	: 0x66
cpu MHz		: 2394.407
cache size	: 4096 KB
physical id	: 0
siblings	: 4
core id		: 0
cpu cores	: 4
apicid		: 0
initial apicid	: 0
fdiv_bug	: no
hlt_bug		: no
f00f_bug	: no
coma_bug	: no
fpu		: yes
fpu_exception	: yes
cpuid level	: 10
wp		: yes
flags		: fpu vme de pse tsc msr pae mce cx8 apic mtrr pge mca cmov pat pse36 clflush dts acpi mmx fxsr sse sse2 ss ht tm pbe nx lm constant_tsc arch_perfmon pebs bts aperfmperf pni dtes64 monitor ds_cpl vmx est tm2 ssse3 cx16 xtpr pdcm lahf_lm dts tpr_shadow
bogomips	: 4788.81
clflush size	: 64
cache_alignment	: 64
address sizes	: 36 bits physical, 48 bits virtual
power management:

processor	: 1
vendor_id	: GenuineIntel
cpu family	: 6
model		: 15
model name	: Intel(R) Core(TM)2 Quad CPU           @ 2.40GHz
stepping	: 7
microcode	: 0x66
cpu MHz		: 2394.407
cache size	: 4096 KB
physical id	: 0
siblings	: 4
core id		: 1
cpu cores	: 4
apicid		: 1
initial apicid	: 1
fdiv_bug	: no
hlt_bug		: no
f00f_bug	: no
coma_bug	: no
fpu		: yes
fpu_exception	: yes
cpuid level	: 10
wp		: yes
flags		: fpu vme de pse tsc msr pae mce cx8 apic mtrr pge mca cmov pat pse36 clflush dts acpi mmx fxsr sse sse2 ss ht tm pbe nx lm constant_tsc arch_perfmon pebs bts aperfmperf pni dtes64 monitor ds_cpl vmx est tm2 ssse3 cx16 xtpr pdcm lahf_lm dts tpr_shadow
bogomips	: 4788.00
clflush size	: 64
cache_alignment	: 64
address sizes	: 36 bits physical, 48 bits virtual
power management:

processor	: 2
vendor_id	: GenuineIntel
cpu family	: 6
model		: 15
model name	: Intel(R) Core(TM)2 Quad CPU           @ 2.40GHz
stepping	: 7
microcode	: 0x66
cpu MHz		: 2394.407
cache size	: 4096 KB
physical id	: 0
siblings	: 4
core id		: 2
cpu cores	: 4
apicid		: 2
initial apicid	: 2
fdiv_bug	: no
hlt_bug		: no
f00f_bug	: no
coma_bug	: no
fpu		: yes
fpu_exception	: yes
cpuid level	: 10
wp		: yes
flags		: fpu vme de pse tsc msr pae mce cx8 apic mtrr pge mca cmov pat pse36 clflush dts acpi mmx fxsr sse sse2 ss ht tm pbe nx lm constant_tsc arch_perfmon pebs bts aperfmperf pni dtes64 monitor ds_cpl vmx est tm2 ssse3 cx16 xtpr pdcm lahf_lm dts tpr_shadow
bogomips	: 4788.00
clflush size	: 64
cache_alignment	: 64
address sizes	: 36 bits physical, 48 bits virtual
power management:

processor	: 3
vendor_id	: GenuineIntel
cpu family	: 6
model		: 15
model name	: Intel(R) Core(TM)2 Quad CPU           @ 2.40GHz
stepping	: 7
microcode	: 0x66
cpu MHz		: 2394.407
cache size	: 4096 KB
physical id	: 0
siblings	: 4
core id		: 3
cpu cores	: 4
apicid		: 3
initial apicid	: 3
fdiv_bug	: no
hlt_bug		: no
f00f_bug	: no
coma_bug	: no
fpu		: yes
fpu_exception	: yes
cpuid level	: 10
wp		: yes
flags		: fpu vme de pse tsc msr pae mce cx8 apic mtrr pge mca cmov pat pse36 clflush dts acpi mmx fxsr sse sse2 ss ht tm pbe nx lm constant_tsc arch_perfmon pebs bts aperfmperf pni dtes64 monitor ds_cpl vmx est tm2 ssse3 cx16 xtpr pdcm lahf_lm dts tpr_shadow
bogomips	: 4787.99
clflush size	: 64
cache_alignment	: 64
address sizes	: 36 bits physical, 48 bits virtual
power management:



Memory: 4k page, physical 3096148k(385840k free), swap 3142652k(3054668k free)

vm_info: Java HotSpot(TM) Server VM (22.1-b02) for linux-x86 JRE (1.7.0_03-b04), built on Jan 20 2012 10:08:12 by "java_re" with gcc 4.3.0 20080428 (Red Hat 4.3.0-8)

time: Mon Apr 30 16:04:50 2012
elapsed time: 50 seconds

