#
# A fatal error has been detected by the Java Runtime Environment:
#
#  SIGSEGV (0xb) at pc=0xb4594fe9, pid=3186, tid=1894271856
#
# JRE version: 7.0_03-b04
# Java VM: Java HotSpot(TM) Server VM (22.1-b02 mixed mode linux-x86 )
# Problematic frame:
# J  com.google.gwt.dev.jjs.impl.ControlFlowAnalyzer$RescueVisitor.rescue(Lcom/google/gwt/dev/jjs/ast/JMethod;)Z
#
# Failed to write core dump. Core dumps have been disabled. To enable core dumping, try "ulimit -c unlimited" before starting Java again
#
# If you would like to submit a bug report, please visit:
#   http://bugreport.sun.com/bugreport/crash.jsp
#

---------------  T H R E A D  ---------------

Current thread (0x722b2c00):  JavaThread "Thread-1" [_thread_in_Java, id=3202, stack(0x70685000,0x70e85000)]

siginfo:si_signo=SIGSEGV: si_errno=0, si_code=8 (), si_addr=0x00000000

Registers:
EAX=0x00000000, EBX=0x00000001, ECX=0x00000004, EDX=0x00000000
ESP=0x70e81c00, EBP=0xb0889fd0, ESI=0x7441ab58, EDI=0x947d3640
EIP=0xb4594fe9, EFLAGS=0x00010246, CR2=0x00000004

Top of Stack: (sp=0x70e81c00)
0x70e81c00:   00000001 00000001 722b2c00 00000000
0x70e81c10:   b0889fd0 b0b4aad8 a985e578 01e82d2c
0x70e81c20:   a97a41a0 a98846e0 011c4bb2 722b2c00
0x70e81c30:   00000000 b0bff010 70e81c38 74489c57
0x70e81c40:   70e81c6c 74fcf198 75028edc 74489c98
0x70e81c50:   00000000 70e81c70 b0bff010 b4556638
0x70e81c60:   00000000 b0446148 70e81ca8 b3f5f57b
0x70e81c70:   a97a3f90 01c92951 70e81ca8 b3f5f57b 

Instructions: (pc=0xb4594fe9)
0xb4594fc9:   b9 f6 ff ff ff 90 e8 cc 4c 9f ff e8 37 c5 de 4c
0xb4594fd9:   b9 f6 ff ff ff 90 e8 bc 4c 9f ff e8 27 c5 de 4c
0xb4594fe9:   b9 f4 ff ff ff 8b 6c 24 20 90 e8 a8 4c 9f ff e8
0xb4594ff9:   13 c5 de 4c b9 f6 ff ff ff 90 e8 98 4c 9f ff e8 

Register to memory mapping:

EAX=0x00000000 is an unknown value
EBX=0x00000001 is an unknown value
ECX=0x00000004 is an unknown value
EDX=0x00000000 is an unknown value
ESP=0x70e81c00 is pointing into the stack for thread: 0x722b2c00
EBP=0xb0889fd0 is an oop
com.google.gwt.dev.jjs.ast.JClassType 
 - klass: 'com/google/gwt/dev/jjs/ast/JClassType'
ESI=0x7441ab58 is an oop
{instance class} 
 - klass: {other class}
EDI=0x947d3640 is an oop
com.google.gwt.dev.util.collect.HashMap$1 
 - klass: 'com/google/gwt/dev/util/collect/HashMap$1'


Stack: [0x70685000,0x70e85000],  sp=0x70e81c00,  free space=8179k
Native frames: (J=compiled Java code, j=interpreted, Vv=VM code, C=native code)
J  com.google.gwt.dev.jjs.impl.ControlFlowAnalyzer$RescueVisitor.rescue(Lcom/google/gwt/dev/jjs/ast/JMethod;)Z


---------------  P R O C E S S  ---------------

Java Threads: ( => current thread )
  0x6d85bc00 JavaThread "Java2D Disposer" daemon [_thread_blocked, id=3258, stack(0x6fd00000,0x70500000)]
  0x09710400 JavaThread "com.google.gwt.thirdparty.guava.common.base.internal.Finalizer" daemon [_thread_blocked, id=3205, stack(0x6ed00000,0x6f500000)]
  0x096ab000 JavaThread "Timer-0" daemon [_thread_blocked, id=3204, stack(0x6f500000,0x6fd00000)]
=>0x722b2c00 JavaThread "Thread-1" [_thread_in_Java, id=3202, stack(0x70685000,0x70e85000)]
  0x72208400 JavaThread "Service Thread" daemon [_thread_blocked, id=3200, stack(0x71180000,0x71980000)]
  0x72206400 JavaThread "C2 CompilerThread1" daemon [_thread_in_native, id=3199, stack(0x71980000,0x71a00000)]
  0x72204400 JavaThread "C2 CompilerThread0" daemon [_thread_in_vm, id=3198, stack(0x73825000,0x738a5000)]
  0x72202800 JavaThread "Signal Dispatcher" daemon [_thread_blocked, id=3197, stack(0x71a00000,0x72200000)]
  0x737c3000 JavaThread "Finalizer" daemon [_thread_blocked, id=3196, stack(0x72476000,0x72c76000)]
  0x737c1400 JavaThread "Reference Handler" daemon [_thread_blocked, id=3195, stack(0x72c76000,0x73476000)]
  0x0954c400 JavaThread "main" [_thread_blocked, id=3189, stack(0xb6f64000,0xb7764000)]

Other Threads:
  0x737bb800 VMThread [stack: 0x73476000,0x734f6000] [id=3194]
  0x7221a400 WatcherThread [stack: 0x71100000,0x71180000] [id=3201]

VM state:not at safepoint (normal execution)

VM Mutex/Monitor currently owned by a thread:  ([mutex/lock_event])
[0x0954a600] CompiledIC_lock - owner thread: 0x72204400

Heap
 PSYoungGen      total 136832K, used 44182K [0xa93f0000, 0xb3e90000, 0xb3e90000)
  eden space 98944K, 6% used [0xa93f0000,0xa9a16248,0xaf490000)
  from space 37888K, 99% used [0xaf490000,0xb198f6e8,0xb1990000)
  to   space 37888K, 0% used [0xb1990000,0xb1990000,0xb3e90000)
 PSOldGen        total 147072K, used 89640K [0x93e90000, 0x9ce30000, 0xa93f0000)
  object space 147072K, 60% used [0x93e90000,0x9961a210,0x9ce30000)
 PSPermGen       total 18304K, used 18257K [0x73e90000, 0x75070000, 0x93e90000)
  object space 18304K, 99% used [0x73e90000,0x75064480,0x75070000)

Code Cache  [0xb3f5c000, 0xb45a4000, 0xb6f5c000)
 total_blobs=2193 nmethods=1996 adapters=146 free_code_cache=42872Kb largest_free_block=43754368

Dynamic libraries:
00110000-00117000 r-xp 00000000 08:15 393372     /home/daviddamerell/Documents/Software/jdk1.7.0_03/jre/lib/i386/libmanagement.so
00117000-00118000 rw-p 00006000 08:15 393372     /home/daviddamerell/Documents/Software/jdk1.7.0_03/jre/lib/i386/libmanagement.so
00119000-0012d000 r-xp 00000000 08:15 3932304    /lib/libpthread-2.11.1.so
0012d000-0012e000 r--p 00014000 08:15 3932304    /lib/libpthread-2.11.1.so
0012e000-0012f000 rw-p 00015000 08:15 3932304    /lib/libpthread-2.11.1.so
0012f000-00131000 rw-p 00000000 00:00 0 
00131000-00273000 r-xp 00000000 08:15 3932203    /lib/libc-2.11.1.so
00273000-00274000 ---p 00142000 08:15 3932203    /lib/libc-2.11.1.so
00274000-00276000 r--p 00142000 08:15 3932203    /lib/libc-2.11.1.so
00276000-00277000 rw-p 00144000 08:15 3932203    /lib/libc-2.11.1.so
00277000-0027a000 rw-p 00000000 00:00 0 
0027a000-0028d000 r-xp 00000000 08:15 3932262    /lib/libnsl-2.11.1.so
0028d000-0028e000 r--p 00012000 08:15 3932262    /lib/libnsl-2.11.1.so
0028e000-0028f000 rw-p 00013000 08:15 3932262    /lib/libnsl-2.11.1.so
0028f000-00291000 rw-p 00000000 00:00 0 
00291000-0029f000 r-xp 00000000 08:15 393422     /home/daviddamerell/Documents/Software/jdk1.7.0_03/jre/lib/i386/libnio.so
0029f000-002a0000 rw-p 0000e000 08:15 393422     /home/daviddamerell/Documents/Software/jdk1.7.0_03/jre/lib/i386/libnio.so
002a0000-002a5000 r-xp 00000000 08:15 393384     /home/daviddamerell/Documents/Software/jdk1.7.0_03/jre/lib/i386/headless/libmawt.so
002a5000-002a6000 rw-p 00005000 08:15 393384     /home/daviddamerell/Documents/Software/jdk1.7.0_03/jre/lib/i386/headless/libmawt.so
002d9000-002f0000 r-xp 00000000 08:15 393412     /home/daviddamerell/Documents/Software/jdk1.7.0_03/jre/lib/i386/libzip.so
002f0000-002f1000 rw-p 00017000 08:15 393412     /home/daviddamerell/Documents/Software/jdk1.7.0_03/jre/lib/i386/libzip.so
003e6000-003f9000 r-xp 00000000 08:15 393393     /home/daviddamerell/Documents/Software/jdk1.7.0_03/jre/lib/i386/jli/libjli.so
003f9000-003fa000 rw-p 00012000 08:15 393393     /home/daviddamerell/Documents/Software/jdk1.7.0_03/jre/lib/i386/jli/libjli.so
0048f000-0049b000 r-xp 00000000 08:15 393394     /home/daviddamerell/Documents/Software/jdk1.7.0_03/jre/lib/i386/libverify.so
0049b000-0049c000 rw-p 0000c000 08:15 393394     /home/daviddamerell/Documents/Software/jdk1.7.0_03/jre/lib/i386/libverify.so
00505000-00506000 r-xp 00000000 00:00 0          [vdso]
0055b000-00562000 r-xp 00000000 08:15 3932310    /lib/librt-2.11.1.so
00562000-00563000 r--p 00006000 08:15 3932310    /lib/librt-2.11.1.so
00563000-00564000 rw-p 00007000 08:15 3932310    /lib/librt-2.11.1.so
005e0000-00666000 r-xp 00000000 08:15 393388     /home/daviddamerell/Documents/Software/jdk1.7.0_03/jre/lib/i386/libawt.so
00666000-0066d000 rw-p 00086000 08:15 393388     /home/daviddamerell/Documents/Software/jdk1.7.0_03/jre/lib/i386/libawt.so
0066d000-00691000 rw-p 00000000 00:00 0 
006ac000-006d0000 r-xp 00000000 08:15 3932251    /lib/libm-2.11.1.so
006d0000-006d1000 r--p 00023000 08:15 3932251    /lib/libm-2.11.1.so
006d1000-006d2000 rw-p 00024000 08:15 3932251    /lib/libm-2.11.1.so
0075e000-00779000 r-xp 00000000 08:15 3932181    /lib/ld-2.11.1.so
00779000-0077a000 r--p 0001a000 08:15 3932181    /lib/ld-2.11.1.so
0077a000-0077b000 rw-p 0001b000 08:15 3932181    /lib/ld-2.11.1.so
0088c000-00896000 r-xp 00000000 08:15 3932268    /lib/libnss_files-2.11.1.so
00896000-00897000 r--p 00009000 08:15 3932268    /lib/libnss_files-2.11.1.so
00897000-00898000 rw-p 0000a000 08:15 3932268    /lib/libnss_files-2.11.1.so
0099e000-009a6000 r-xp 00000000 08:15 3932272    /lib/libnss_nis-2.11.1.so
009a6000-009a7000 r--p 00007000 08:15 3932272    /lib/libnss_nis-2.11.1.so
009a7000-009a8000 rw-p 00008000 08:15 3932272    /lib/libnss_nis-2.11.1.so
009d3000-009e7000 r-xp 00000000 08:15 393416     /home/daviddamerell/Documents/Software/jdk1.7.0_03/jre/lib/i386/libnet.so
009e7000-009e8000 rw-p 00014000 08:15 393416     /home/daviddamerell/Documents/Software/jdk1.7.0_03/jre/lib/i386/libnet.so
00aff000-00b05000 r-xp 00000000 08:15 3932264    /lib/libnss_compat-2.11.1.so
00b05000-00b06000 r--p 00006000 08:15 3932264    /lib/libnss_compat-2.11.1.so
00b06000-00b07000 rw-p 00007000 08:15 3932264    /lib/libnss_compat-2.11.1.so
00cc1000-00ce4000 r-xp 00000000 08:15 393403     /home/daviddamerell/Documents/Software/jdk1.7.0_03/jre/lib/i386/libjava.so
00ce4000-00ce5000 rw-p 00023000 08:15 393403     /home/daviddamerell/Documents/Software/jdk1.7.0_03/jre/lib/i386/libjava.so
00ddc000-00dde000 r-xp 00000000 08:15 3932217    /lib/libdl-2.11.1.so
00dde000-00ddf000 r--p 00001000 08:15 3932217    /lib/libdl-2.11.1.so
00ddf000-00de0000 rw-p 00002000 08:15 3932217    /lib/libdl-2.11.1.so
00de0000-0154e000 r-xp 00000000 08:15 393379     /home/daviddamerell/Documents/Software/jdk1.7.0_03/jre/lib/i386/server/libjvm.so
0154e000-0159d000 rw-p 0076d000 08:15 393379     /home/daviddamerell/Documents/Software/jdk1.7.0_03/jre/lib/i386/server/libjvm.so
0159d000-019bc000 rw-p 00000000 00:00 0 
08048000-08049000 r-xp 00000000 08:15 267258     /home/daviddamerell/Documents/Software/jdk1.7.0_03/bin/java
08049000-0804a000 rw-p 00000000 08:15 267258     /home/daviddamerell/Documents/Software/jdk1.7.0_03/bin/java
09545000-0c0b2000 rw-p 00000000 00:00 0          [heap]
6c600000-6c6e4000 rw-p 00000000 00:00 0 
6c6e4000-6c700000 ---p 00000000 00:00 0 
6c800000-6c900000 rw-p 00000000 00:00 0 
6cc00000-6ccff000 rw-p 00000000 00:00 0 
6ccff000-6cd00000 ---p 00000000 00:00 0 
6cd00000-6ce00000 rw-p 00000000 00:00 0 
6ce00000-6d000000 rw-p 00000000 00:00 0 
6d000000-6d200000 rw-p 00000000 00:00 0 
6d200000-6d400000 rw-p 00000000 00:00 0 
6d400000-6d4fd000 rw-p 00000000 00:00 0 
6d4fd000-6d500000 ---p 00000000 00:00 0 
6d500000-6d600000 rw-p 00000000 00:00 0 
6d600000-6d6fb000 rw-p 00000000 00:00 0 
6d6fb000-6d700000 ---p 00000000 00:00 0 
6d700000-6d7eb000 rw-p 00000000 00:00 0 
6d7eb000-6d800000 ---p 00000000 00:00 0 
6d800000-6d8d4000 rw-p 00000000 00:00 0 
6d8d4000-6d900000 ---p 00000000 00:00 0 
6d900000-6d9f9000 rw-p 00000000 00:00 0 
6d9f9000-6da00000 ---p 00000000 00:00 0 
6da00000-6dafc000 rw-p 00000000 00:00 0 
6dafc000-6db00000 ---p 00000000 00:00 0 
6dc00000-6de00000 rw-p 00000000 00:00 0 
6de00000-6dffa000 rw-p 00000000 00:00 0 
6dffa000-6e000000 ---p 00000000 00:00 0 
6e000000-6e0ff000 rw-p 00000000 00:00 0 
6e0ff000-6e100000 ---p 00000000 00:00 0 
6e200000-6e2f5000 rw-p 00000000 00:00 0 
6e2f5000-6e300000 ---p 00000000 00:00 0 
6e300000-6e3f9000 rw-p 00000000 00:00 0 
6e3f9000-6e400000 ---p 00000000 00:00 0 
6e400000-6e4f8000 rw-p 00000000 00:00 0 
6e4f8000-6e500000 ---p 00000000 00:00 0 
6e500000-6e5fa000 rw-p 00000000 00:00 0 
6e5fa000-6e600000 ---p 00000000 00:00 0 
6e600000-6e6fe000 rw-p 00000000 00:00 0 
6e6fe000-6e700000 ---p 00000000 00:00 0 
6e800000-6e8fc000 rw-p 00000000 00:00 0 
6e8fc000-6e900000 ---p 00000000 00:00 0 
6e900000-6e9f1000 rw-p 00000000 00:00 0 
6e9f1000-6ea00000 ---p 00000000 00:00 0 
6eb00000-6ecf9000 rw-p 00000000 00:00 0 
6ecf9000-6ed00000 ---p 00000000 00:00 0 
6ed00000-6ed03000 ---p 00000000 00:00 0 
6ed03000-6f500000 rw-p 00000000 00:00 0 
6f500000-6f503000 ---p 00000000 00:00 0 
6f503000-6fd00000 rw-p 00000000 00:00 0 
6fd00000-6fd03000 ---p 00000000 00:00 0 
6fd03000-70500000 rw-p 00000000 00:00 0 
70500000-70600000 rw-p 00000000 00:00 0 
7064d000-70685000 r--s 0047d000 08:15 1707804    /home/daviddamerell/Documents/Source.GIT/UCDB/application/GlycanBuilder/VaadinGlycanBuilder/WebContent/WEB-INF/lib/vaadin-6.7.5.jar
70685000-70688000 ---p 00000000 00:00 0 
70688000-70e85000 rw-p 00000000 00:00 0 
70e85000-70ebf000 r--s 004ab000 08:15 1707803    /home/daviddamerell/Documents/Source.GIT/UCDB/application/GlycanBuilder/VaadinGlycanBuilder/WebContent/WEB-INF/lib/vaadin-6.7.4.jar
70ebf000-70f90000 r--s 00a99000 08:15 788071     /home/daviddamerell/Documents/Software/eclipse/configuration/com.vaadin.integration.eclipse/download/gwt-user/2.3.0/gwt-user.jar
70f90000-71100000 r--s 01951000 08:15 788074     /home/daviddamerell/Documents/Software/eclipse/configuration/com.vaadin.integration.eclipse/download/gwt-dev/2.3.0/gwt-dev.jar
71100000-71101000 ---p 00000000 00:00 0 
71101000-71180000 rw-p 00000000 00:00 0 
71180000-71183000 ---p 00000000 00:00 0 
71183000-71980000 rw-p 00000000 00:00 0 
71980000-71983000 ---p 00000000 00:00 0 
71983000-71a00000 rw-p 00000000 00:00 0 
71a00000-71a03000 ---p 00000000 00:00 0 
71a03000-72200000 rw-p 00000000 00:00 0 
72200000-72300000 rw-p 00000000 00:00 0 
7231b000-72358000 rw-p 00000000 00:00 0 
72358000-72476000 r--p 00000000 08:15 5112775    /usr/lib/locale/en_US.utf8/LC_COLLATE
72476000-72479000 ---p 00000000 00:00 0 
72479000-72c76000 rw-p 00000000 00:00 0 
72c76000-72c79000 ---p 00000000 00:00 0 
72c79000-73476000 rw-p 00000000 00:00 0 
73476000-73477000 ---p 00000000 00:00 0 
73477000-73541000 rw-p 00000000 00:00 0 
73541000-73700000 r--s 03a09000 08:15 267338     /home/daviddamerell/Documents/Software/jdk1.7.0_03/jre/lib/rt.jar
73700000-73800000 rw-p 00000000 00:00 0 
73806000-7380a000 r--s 00088000 08:15 267347     /home/daviddamerell/Documents/Software/jdk1.7.0_03/jre/lib/jsse.jar
7380a000-7380b000 r--s 00010000 08:15 393361     /home/daviddamerell/Documents/Software/jdk1.7.0_03/jre/lib/ext/zipfs.jar
7380b000-7380c000 r--s 00003000 08:15 393367     /home/daviddamerell/Documents/Software/jdk1.7.0_03/jre/lib/ext/sunec.jar
7380c000-7380e000 r--s 00001000 08:15 393364     /home/daviddamerell/Documents/Software/jdk1.7.0_03/jre/lib/ext/dnsns.jar
7380e000-73812000 r--s 0002d000 08:15 393363     /home/daviddamerell/Documents/Software/jdk1.7.0_03/jre/lib/ext/sunjce_provider.jar
73812000-73816000 r--s 00037000 08:15 393365     /home/daviddamerell/Documents/Software/jdk1.7.0_03/jre/lib/ext/sunpkcs11.jar
73816000-7381f000 r--s 00254000 08:15 267339     /home/daviddamerell/Documents/Software/jdk1.7.0_03/jre/lib/resources.jar
7381f000-73822000 r--s 000f7000 08:15 393366     /home/daviddamerell/Documents/Software/jdk1.7.0_03/jre/lib/ext/localedata.jar
73822000-73825000 r--s 00009000 08:15 788077     /home/daviddamerell/Documents/Software/eclipse/configuration/com.vaadin.integration.eclipse/download/gwt-dependencies/2.3.0/validation-api-1.0.0.GA.jar
73825000-73828000 ---p 00000000 00:00 0 
73828000-738a5000 rw-p 00000000 00:00 0 
738a5000-738e4000 r--p 00000000 08:15 5112776    /usr/lib/locale/en_US.utf8/LC_CTYPE
738e4000-738e5000 ---p 00000000 00:00 0 
738e5000-73964000 rw-p 00000000 00:00 0 
73964000-73965000 ---p 00000000 00:00 0 
73965000-739e4000 rw-p 00000000 00:00 0 
739e4000-739e5000 ---p 00000000 00:00 0 
739e5000-73a64000 rw-p 00000000 00:00 0 
73a64000-73a65000 ---p 00000000 00:00 0 
73a65000-73aed000 rw-p 00000000 00:00 0 
73aed000-73be4000 rw-p 00000000 00:00 0 
73be4000-73c2c000 rw-p 00000000 00:00 0 
73c2c000-73c8f000 rw-p 00000000 00:00 0 
73c8f000-73c98000 rw-p 00000000 00:00 0 
73c98000-73d8f000 rw-p 00000000 00:00 0 
73d8f000-73dd7000 rw-p 00000000 00:00 0 
73dd7000-73e39000 rw-p 00000000 00:00 0 
73e39000-73e8f000 rw-p 00000000 00:00 0 
73e8f000-75070000 rw-p 00000000 00:00 0 
75070000-93e90000 rw-p 00000000 00:00 0 
93e90000-9ce30000 rw-p 00000000 00:00 0 
9ce30000-a93f0000 rw-p 00000000 00:00 0 
a93f0000-b3e90000 rw-p 00000000 00:00 0 
b3e92000-b3e94000 r--s 0000e000 08:15 788078     /home/daviddamerell/Documents/Software/eclipse/configuration/com.vaadin.integration.eclipse/download/gwt-dependencies/2.3.0/validation-api-1.0.0.GA-sources.jar
b3e94000-b3e95000 r--s 00002000 08:15 1707798    /home/daviddamerell/Documents/Source.GIT/UCDB/application/GlycanBuilder/VaadinGlycanBuilder/WebContent/WEB-INF/lib/refresher-1.1.0.jar
b3e95000-b3e96000 r--s 00006000 08:15 1707797    /home/daviddamerell/Documents/Source.GIT/UCDB/application/GlycanBuilder/VaadinGlycanBuilder/WebContent/WEB-INF/lib/popupbutton-1.1.0.jar
b3e96000-b3e99000 r--s 0001c000 08:15 1707763    /home/daviddamerell/Documents/Source.GIT/UCDB/application/GlycanBuilder/VaadinGlycanBuilder/WebContent/WEB-INF/lib/enhancedcanvas.jar
b3e99000-b3e9a000 r--s 00006000 08:15 1707800    /home/daviddamerell/Documents/Source.GIT/UCDB/application/GlycanBuilder/VaadinGlycanBuilder/WebContent/WEB-INF/lib/weelayout-0.1.jar
b3e9a000-b3e9b000 r--p 00000000 08:15 5112781    /usr/lib/locale/en_US.utf8/LC_NUMERIC
b3e9b000-b3e9c000 r--p 00000000 08:15 5112784    /usr/lib/locale/en_US.utf8/LC_TIME
b3e9c000-b3eb6000 rw-p 00000000 00:00 0 
b3eb6000-b3f5c000 rw-p 00000000 00:00 0 
b3f5c000-b45a4000 rwxp 00000000 00:00 0 
b45a4000-b6f5c000 rw-p 00000000 00:00 0 
b6f5c000-b6f64000 rw-s 00000000 08:15 4587613    /tmp/hsperfdata_daviddamerell/3186
b6f64000-b6f67000 ---p 00000000 00:00 0 
b6f67000-b7766000 rw-p 00000000 00:00 0 
b7766000-b7767000 r--p 00000000 08:15 5112779    /usr/lib/locale/en_US.utf8/LC_MONETARY
b7767000-b7768000 r--p 00000000 08:15 5112785    /usr/lib/locale/en_US.utf8/LC_MESSAGES/SYS_LC_MESSAGES
b7768000-b7769000 r--p 00000000 08:15 5112782    /usr/lib/locale/en_US.utf8/LC_PAPER
b7769000-b776a000 r--p 00000000 08:15 5112780    /usr/lib/locale/en_US.utf8/LC_NAME
b776a000-b776b000 r--p 00000000 08:15 5112774    /usr/lib/locale/en_US.utf8/LC_ADDRESS
b776b000-b776c000 r--p 00000000 08:15 5112783    /usr/lib/locale/en_US.utf8/LC_TELEPHONE
b776c000-b776d000 r--p 00000000 08:15 5112778    /usr/lib/locale/en_US.utf8/LC_MEASUREMENT
b776d000-b7774000 r--s 00000000 08:15 4984362    /usr/lib/gconv/gconv-modules.cache
b7774000-b7775000 r--p 00000000 08:15 5112777    /usr/lib/locale/en_US.utf8/LC_IDENTIFICATION
b7775000-b7776000 rw-p 00000000 00:00 0 
b7776000-b7777000 r--p 00000000 00:00 0 
b7777000-b7779000 rw-p 00000000 00:00 0 
bffaa000-bffcc000 rw-p 00000000 00:00 0          [stack]

VM Arguments:
jvm_args: -Djava.awt.headless=true -Xss8M -Xmx512M -XX:MaxPermSize=512M 
java_command: com.vaadin.tools.WidgetsetCompiler -out WebContent/VAADIN/widgetsets -localWorkers 1 -logLevel INFO ac.uk.icl.dell.vaadin.glycanbuilder.widgetset.GlycanbuilderWidgetset
Launcher Type: SUN_STANDARD

Environment Variables:
JAVA_HOME=/home/daviddamerell/Documents/Software/jdk1.7.0_03
PATH=/home/daviddamerell/Documents/Software/jdk1.7.0_03/bin:/usr/local/sbin:/usr/local/bin:/usr/sbin:/usr/bin:/sbin:/bin:/usr/games
LD_LIBRARY_PATH=/home/daviddamerell/Documents/Software/jdk1.7.0_03/jre/lib/i386/server:/home/daviddamerell/Documents/Software/jdk1.7.0_03/jre/lib/i386:/home/daviddamerell/Documents/Software/jdk1.7.0_03/jre/../lib/i386:/home/daviddamerell/Documents/Software/jdk1.7.0_03/jre/lib/i386/client:/home/daviddamerell/Documents/Software/jdk1.7.0_03/jre/lib/i386:
SHELL=/bin/bash
DISPLAY=:0.0

Signal Handlers:
SIGSEGV: [libjvm.so+0x6e2860], sa_mask[0]=0x7ffbfeff, sa_flags=0x10000004
SIGBUS: [libjvm.so+0x6e2860], sa_mask[0]=0x7ffbfeff, sa_flags=0x10000004
SIGFPE: [libjvm.so+0x5a3810], sa_mask[0]=0x7ffbfeff, sa_flags=0x10000004
SIGPIPE: [libjvm.so+0x5a3810], sa_mask[0]=0x7ffbfeff, sa_flags=0x10000004
SIGXFSZ: [libjvm.so+0x5a3810], sa_mask[0]=0x7ffbfeff, sa_flags=0x10000004
SIGILL: [libjvm.so+0x5a3810], sa_mask[0]=0x7ffbfeff, sa_flags=0x10000004
SIGUSR1: SIG_DFL, sa_mask[0]=0x00000000, sa_flags=0x00000000
SIGUSR2: [libjvm.so+0x5a3110], sa_mask[0]=0x00000004, sa_flags=0x10000004
SIGHUP: [libjvm.so+0x5a56e0], sa_mask[0]=0x7ffbfeff, sa_flags=0x10000004
SIGINT: [libjvm.so+0x5a56e0], sa_mask[0]=0x7ffbfeff, sa_flags=0x10000004
SIGTERM: [libjvm.so+0x5a56e0], sa_mask[0]=0x7ffbfeff, sa_flags=0x10000004
SIGQUIT: [libjvm.so+0x5a56e0], sa_mask[0]=0x7ffbfeff, sa_flags=0x10000004


---------------  S Y S T E M  ---------------

OS:squeeze/sid

uname:Linux 3.2.0-19-generic #30 SMP Tue Mar 20 09:35:59 CDT 2012 i686
libc:glibc 2.11.1 NPTL 2.11.1 
rlimit: STACK 8192k, CORE 0k, NPROC infinity, NOFILE 1024, AS infinity
load average:0.74 0.39 0.37

/proc/meminfo:
MemTotal:        3096148 kB
MemFree:          338352 kB
Buffers:           10712 kB
Cached:           624728 kB
SwapCached:         9500 kB
Active:          1846488 kB
Inactive:         817712 kB
Active(anon):    1560412 kB
Inactive(anon):   499568 kB
Active(file):     286076 kB
Inactive(file):   318144 kB
Unevictable:          16 kB
Mlocked:              16 kB
HighTotal:       2234708 kB
HighFree:          27756 kB
LowTotal:         861440 kB
LowFree:          310596 kB
SwapTotal:       3142652 kB
SwapFree:        3054608 kB
Dirty:             17320 kB
Writeback:             0 kB
AnonPages:       2020424 kB
Mapped:           127592 kB
Shmem:             31212 kB
Slab:              45080 kB
SReclaimable:      25600 kB
SUnreclaim:        19480 kB
KernelStack:        3656 kB
PageTables:         9788 kB
NFS_Unstable:          0 kB
Bounce:                0 kB
WritebackTmp:          0 kB
CommitLimit:     4690724 kB
Committed_AS:    4067876 kB
VmallocTotal:     122880 kB
VmallocUsed:       52500 kB
VmallocChunk:      54268 kB
HardwareCorrupted:     0 kB
AnonHugePages:         0 kB
HugePages_Total:       0
HugePages_Free:        0
HugePages_Rsvd:        0
HugePages_Surp:        0
Hugepagesize:       4096 kB
DirectMap4k:       73720 kB
DirectMap4M:      835584 kB


CPU:total 4 (4 cores per cpu, 1 threads per core) family 6 model 15 stepping 7, cmov, cx8, fxsr, mmx, sse, sse2, sse3, ssse3

/proc/cpuinfo:
processor	: 0
vendor_id	: GenuineIntel
cpu family	: 6
model		: 15
model name	: Intel(R) Core(TM)2 Quad CPU           @ 2.40GHz
stepping	: 7
microcode	: 0x66
cpu MHz		: 2394.407
cache size	: 4096 KB
physical id	: 0
siblings	: 4
core id		: 0
cpu cores	: 4
apicid		: 0
initial apicid	: 0
fdiv_bug	: no
hlt_bug		: no
f00f_bug	: no
coma_bug	: no
fpu		: yes
fpu_exception	: yes
cpuid level	: 10
wp		: yes
flags		: fpu vme de pse tsc msr pae mce cx8 apic mtrr pge mca cmov pat pse36 clflush dts acpi mmx fxsr sse sse2 ss ht tm pbe nx lm constant_tsc arch_perfmon pebs bts aperfmperf pni dtes64 monitor ds_cpl vmx est tm2 ssse3 cx16 xtpr pdcm lahf_lm dts tpr_shadow
bogomips	: 4788.81
clflush size	: 64
cache_alignment	: 64
address sizes	: 36 bits physical, 48 bits virtual
power management:

processor	: 1
vendor_id	: GenuineIntel
cpu family	: 6
model		: 15
model name	: Intel(R) Core(TM)2 Quad CPU           @ 2.40GHz
stepping	: 7
microcode	: 0x66
cpu MHz		: 2394.407
cache size	: 4096 KB
physical id	: 0
siblings	: 4
core id		: 1
cpu cores	: 4
apicid		: 1
initial apicid	: 1
fdiv_bug	: no
hlt_bug		: no
f00f_bug	: no
coma_bug	: no
fpu		: yes
fpu_exception	: yes
cpuid level	: 10
wp		: yes
flags		: fpu vme de pse tsc msr pae mce cx8 apic mtrr pge mca cmov pat pse36 clflush dts acpi mmx fxsr sse sse2 ss ht tm pbe nx lm constant_tsc arch_perfmon pebs bts aperfmperf pni dtes64 monitor ds_cpl vmx est tm2 ssse3 cx16 xtpr pdcm lahf_lm dts tpr_shadow
bogomips	: 4788.00
clflush size	: 64
cache_alignment	: 64
address sizes	: 36 bits physical, 48 bits virtual
power management:

processor	: 2
vendor_id	: GenuineIntel
cpu family	: 6
model		: 15
model name	: Intel(R) Core(TM)2 Quad CPU           @ 2.40GHz
stepping	: 7
microcode	: 0x66
cpu MHz		: 2394.407
cache size	: 4096 KB
physical id	: 0
siblings	: 4
core id		: 2
cpu cores	: 4
apicid		: 2
initial apicid	: 2
fdiv_bug	: no
hlt_bug		: no
f00f_bug	: no
coma_bug	: no
fpu		: yes
fpu_exception	: yes
cpuid level	: 10
wp		: yes
flags		: fpu vme de pse tsc msr pae mce cx8 apic mtrr pge mca cmov pat pse36 clflush dts acpi mmx fxsr sse sse2 ss ht tm pbe nx lm constant_tsc arch_perfmon pebs bts aperfmperf pni dtes64 monitor ds_cpl vmx est tm2 ssse3 cx16 xtpr pdcm lahf_lm dts tpr_shadow
bogomips	: 4788.00
clflush size	: 64
cache_alignment	: 64
address sizes	: 36 bits physical, 48 bits virtual
power management:

processor	: 3
vendor_id	: GenuineIntel
cpu family	: 6
model		: 15
model name	: Intel(R) Core(TM)2 Quad CPU           @ 2.40GHz
stepping	: 7
microcode	: 0x66
cpu MHz		: 2394.407
cache size	: 4096 KB
physical id	: 0
siblings	: 4
core id		: 3
cpu cores	: 4
apicid		: 3
initial apicid	: 3
fdiv_bug	: no
hlt_bug		: no
f00f_bug	: no
coma_bug	: no
fpu		: yes
fpu_exception	: yes
cpuid level	: 10
wp		: yes
flags		: fpu vme de pse tsc msr pae mce cx8 apic mtrr pge mca cmov pat pse36 clflush dts acpi mmx fxsr sse sse2 ss ht tm pbe nx lm constant_tsc arch_perfmon pebs bts aperfmperf pni dtes64 monitor ds_cpl vmx est tm2 ssse3 cx16 xtpr pdcm lahf_lm dts tpr_shadow
bogomips	: 4787.99
clflush size	: 64
cache_alignment	: 64
address sizes	: 36 bits physical, 48 bits virtual
power management:



Memory: 4k page, physical 3096148k(338352k free), swap 3142652k(3054608k free)

vm_info: Java HotSpot(TM) Server VM (22.1-b02) for linux-x86 JRE (1.7.0_03-b04), built on Jan 20 2012 10:08:12 by "java_re" with gcc 4.3.0 20080428 (Red Hat 4.3.0-8)

time: Mon Apr 30 14:56:28 2012
elapsed time: 28 seconds

